<?xml version="1.0" encoding="UTF-8"?>
<!-- Generated by org.testng.reporters.JUnitReportReporter -->
<testsuite hostname="Micky" failures="0" tests="5" name="Test.TC_MedicalProfile_Alert_Limit" time="54.658" errors="0" timestamp="2024-05-21T17:22:53 IST" skipped="0">
  <testcase classname="Test.TC_MedicalProfile_Alert_Limit" name="provider_login" time="1.347"/>
  <system-out/>
  <testcase classname="Test.TC_MedicalProfile_Alert_Limit" name="dashboard" time="6.440"/>
  <system-out/>
  <testcase classname="Test.TC_MedicalProfile_Alert_Limit" name="patientTab" time="35.534"/>
  <system-out/>
  <testcase classname="Test.TC_MedicalProfile_Alert_Limit" name="clickOnPatientProfileTab" time="3.385"/>
  <system-out/>
  <testcase classname="Test.TC_MedicalProfile_Alert_Limit" name="personalizedMedicalProfile" time="7.952"/>
  <system-out/>
</testsuite> <!-- Test.TC_MedicalProfile_Alert_Limit -->
