<?xml version="1.0" encoding="UTF-8"?>
<!-- Generated by org.testng.reporters.JUnitReportReporter -->
<testsuite hostname="Micky" failures="0" tests="5" name="Test.Test1" time="17.083" errors="0" timestamp="2024-04-29T20:25:09 IST" skipped="0">
  <testcase classname="Test.Test1" name="provider_login" time="1.263"/>
  <system-out/>
  <testcase classname="Test.Test1" name="dashboard" time="11.082"/>
  <system-out/>
  <testcase classname="Test.Test1" name="POP_Tab" time="0.078"/>
  <system-out/>
  <testcase classname="Test.Test1" name="add_pop_details2" time="2.223"/>
  <system-out/>
  <testcase classname="Test.Test1" name="add_pop_details1" time="2.437"/>
  <system-out/>
</testsuite> <!-- Test.Test1 -->
