<?xml version="1.0" encoding="UTF-8"?>
<!-- Generated by org.testng.reporters.JUnitReportReporter -->
<testsuite hostname="Micky" failures="0" tests="3" name="Test.TC_BillingInformation" time="48.274" errors="0" timestamp="2024-05-21T17:22:53 IST" skipped="0">
  <testcase classname="Test.TC_BillingInformation" name="provider_login" time="1.424"/>
  <system-out/>
  <testcase classname="Test.TC_BillingInformation" name="dashboard" time="8.265"/>
  <system-out/>
  <testcase classname="Test.TC_BillingInformation" name="BillingInfo" time="38.585"/>
  <system-out/>
</testsuite> <!-- Test.TC_BillingInformation -->
