<?xml version="1.0" encoding="UTF-8"?>
<!-- Generated by org.testng.reporters.JUnitReportReporter -->
<testsuite hostname="Micky" failures="0" tests="12" name="Test.TC_PatientDetailedView" time="124.519" errors="0" timestamp="2024-05-21T17:22:53 IST" skipped="0">
  <testcase classname="Test.TC_PatientDetailedView" name="provider_login" time="1.166"/>
  <system-out/>
  <testcase classname="Test.TC_PatientDetailedView" name="dashboard" time="6.413"/>
  <system-out/>
  <testcase classname="Test.TC_PatientDetailedView" name="patientTab" time="35.452"/>
  <system-out/>
  <testcase classname="Test.TC_PatientDetailedView" name="clickOnPatientProfileTab" time="3.513"/>
  <system-out/>
  <testcase classname="Test.TC_PatientDetailedView" name="medical_profile" time="10.284"/>
  <system-out/>
  <testcase classname="Test.TC_PatientDetailedView" name="resutls" time="10.341"/>
  <system-out/>
  <testcase classname="Test.TC_PatientDetailedView" name="notes" time="10.311"/>
  <system-out/>
  <testcase classname="Test.TC_PatientDetailedView" name="devices" time="10.271"/>
  <system-out/>
  <testcase classname="Test.TC_PatientDetailedView" name="patient_profile" time="10.721"/>
  <system-out/>
  <testcase classname="Test.TC_PatientDetailedView" name="patient_care_team" time="10.329"/>
  <system-out/>
  <testcase classname="Test.TC_PatientDetailedView" name="activity_timeline" time="10.320"/>
  <system-out/>
  <testcase classname="Test.TC_PatientDetailedView" name="requests" time="5.398"/>
  <system-out/>
</testsuite> <!-- Test.TC_PatientDetailedView -->
