<?xml version="1.0" encoding="UTF-8"?>
<!-- Generated by org.testng.reporters.JUnitReportReporter -->
<testsuite hostname="Micky" failures="0" tests="5" name="Test.TC_AddCallNotesToPatient" time="53.515" errors="0" timestamp="2024-05-21T17:22:53 IST" skipped="0">
  <testcase classname="Test.TC_AddCallNotesToPatient" name="provider_login" time="1.413"/>
  <system-out/>
  <testcase classname="Test.TC_AddCallNotesToPatient" name="dashboard" time="6.176"/>
  <system-out/>
  <testcase classname="Test.TC_AddCallNotesToPatient" name="patientTab" time="35.459"/>
  <system-out/>
  <testcase classname="Test.TC_AddCallNotesToPatient" name="clickOnNotesTab" time="3.211"/>
  <system-out/>
  <testcase classname="Test.TC_AddCallNotesToPatient" name="addCallNotes" time="7.256"/>
  <system-out/>
</testsuite> <!-- Test.TC_AddCallNotesToPatient -->
