<?xml version="1.0" encoding="UTF-8"?>
<!-- Generated by org.testng.reporters.JUnitReportReporter -->
<testsuite hostname="Micky" failures="0" tests="4" name="Test.Medical_profile_Notifylist_limits" time="29.147" errors="0" timestamp="2024-05-06T15:22:15 IST" skipped="0">
  <testcase classname="Test.Medical_profile_Notifylist_limits" name="provider_login" time="1.266"/>
  <system-out/>
  <testcase classname="Test.Medical_profile_Notifylist_limits" name="dashboard" time="7.722"/>
  <system-out/>
  <testcase classname="Test.Medical_profile_Notifylist_limits" name="Add_members_Notify_list" time="11.255"/>
  <system-out/>
  <testcase classname="Test.Medical_profile_Notifylist_limits" name="remove_notify_list" time="8.904"/>
  <system-out/>
</testsuite> <!-- Test.Medical_profile_Notifylist_limits -->
