<?xml version="1.0" encoding="UTF-8"?>
<!-- Generated by org.testng.reporters.JUnitReportReporter -->
<testsuite hostname="Micky" failures="0" tests="3" name="Test.ChangePW_logout" time="39.544" errors="0" timestamp="2024-10-03T22:08:19 IST" skipped="0">
  <testcase classname="Test.ChangePW_logout" name="provider_login" time="0.318"/>
  <system-out/>
  <testcase classname="Test.ChangePW_logout" name="change_pw" time="21.252"/>
  <system-out/>
  <testcase classname="Test.ChangePW_logout" name="logout" time="17.974"/>
  <system-out/>
</testsuite> <!-- Test.ChangePW_logout -->
