<?xml version="1.0" encoding="UTF-8"?>
<!-- Generated by org.testng.reporters.JUnitReportReporter -->
<testsuite hostname="Micky" failures="0" tests="5" name="Test.Assigning_POP_ECP" time="39.041" errors="0" timestamp="2024-05-02T16:03:36 IST" skipped="0">
  <testcase classname="Test.Assigning_POP_ECP" name="provider_login" time="1.394"/>
  <system-out/>
  <testcase classname="Test.Assigning_POP_ECP" name="dashboard" time="16.639"/>
  <system-out/>
  <testcase classname="Test.Assigning_POP_ECP" name="View_patient_details" time="10.193"/>
  <system-out/>
  <testcase classname="Test.Assigning_POP_ECP" name="patient_care_team" time="10.228"/>
  <system-out/>
  <testcase classname="Test.Assigning_POP_ECP" name="Assign_lead_POP" time="0.587"/>
  <system-out/>
</testsuite> <!-- Test.Assigning_POP_ECP -->
