<?xml version="1.0" encoding="UTF-8"?>
<!-- Generated by org.testng.reporters.JUnitReportReporter -->
<testsuite hostname="Micky" failures="0" tests="6" name="Test.Add_POP" time="21.663" errors="0" timestamp="2024-10-14T10:14:08 IST" skipped="0">
  <testcase classname="Test.Add_POP" name="provider_login" time="0.328"/>
  <system-out/>
  <testcase classname="Test.Add_POP" name="dashboard" time="7.614"/>
  <system-out/>
  <testcase classname="Test.Add_POP" name="POP_Tab" time="0.082"/>
  <system-out/>
  <testcase classname="Test.Add_POP" name="add_pop_details1" time="1.261"/>
  <system-out/>
  <testcase classname="Test.Add_POP" name="select_gender" time="2.174"/>
  <system-out/>
  <testcase classname="Test.Add_POP" name="save_details" time="10.204"/>
  <system-out/>
</testsuite> <!-- Test.Add_POP -->
