<?xml version="1.0" encoding="UTF-8"?>
<!-- Generated by org.testng.reporters.JUnitReportReporter -->
<testsuite hostname="Micky" failures="0" tests="3" name="Test.TC_BillingPatientDownload" time="19.353" errors="0" timestamp="2024-05-21T17:22:53 IST" skipped="0">
  <testcase classname="Test.TC_BillingPatientDownload" name="provider_login" time="1.469"/>
  <system-out/>
  <testcase classname="Test.TC_BillingPatientDownload" name="dashboard" time="8.360"/>
  <system-out/>
  <testcase classname="Test.TC_BillingPatientDownload" name="Billing" time="9.524"/>
  <system-out/>
</testsuite> <!-- Test.TC_BillingPatientDownload -->
