<?xml version="1.0" encoding="UTF-8"?>
<!-- Generated by org.testng.reporters.JUnitReportReporter -->
<testsuite hostname="Micky" failures="0" tests="4" name="Test.Medical_profile_Notifylist" time="29.590" errors="0" timestamp="2024-05-21T17:22:53 IST" skipped="0">
  <testcase classname="Test.Medical_profile_Notifylist" name="provider_login" time="1.282"/>
  <system-out/>
  <testcase classname="Test.Medical_profile_Notifylist" name="dashboard" time="8.186"/>
  <system-out/>
  <testcase classname="Test.Medical_profile_Notifylist" name="Add_members_Notify_list" time="11.950"/>
  <system-out/>
  <testcase classname="Test.Medical_profile_Notifylist" name="remove_notify_list" time="8.172"/>
  <system-out/>
</testsuite> <!-- Test.Medical_profile_Notifylist -->
