<?xml version="1.0" encoding="UTF-8"?>
<!-- Generated by org.testng.reporters.JUnitReportReporter -->
<testsuite hostname="Micky" failures="0" tests="4" name="Test.Add_ECP" time="14.313" errors="0" timestamp="2024-10-14T10:18:38 IST" skipped="0">
  <testcase classname="Test.Add_ECP" name="provider_login" time="0.296"/>
  <system-out/>
  <testcase classname="Test.Add_ECP" name="dashboard" time="7.477"/>
  <system-out/>
  <testcase classname="Test.Add_ECP" name="ECP_Tab" time="0.165"/>
  <system-out/>
  <testcase classname="Test.Add_ECP" name="Add_ECP_details" time="6.375"/>
  <system-out/>
</testsuite> <!-- Test.Add_ECP -->
