<?xml version="1.0" encoding="UTF-8"?>
<!-- Generated by org.testng.reporters.JUnitReportReporter -->
<testsuite hostname="Micky" failures="0" tests="5" name="Test.TC_ViewNotesAdded" time="56.367" errors="0" timestamp="2024-05-21T17:22:53 IST" skipped="0">
  <testcase classname="Test.TC_ViewNotesAdded" name="provider_login" time="1.417"/>
  <system-out/>
  <testcase classname="Test.TC_ViewNotesAdded" name="dashboard" time="6.656"/>
  <system-out/>
  <testcase classname="Test.TC_ViewNotesAdded" name="patientTab" time="35.472"/>
  <system-out/>
  <testcase classname="Test.TC_ViewNotesAdded" name="clickOnNotesTab" time="3.175"/>
  <system-out/>
  <testcase classname="Test.TC_ViewNotesAdded" name="viewNotes" time="9.647"/>
  <system-out/>
</testsuite> <!-- Test.TC_ViewNotesAdded -->
