<?xml version="1.0" encoding="UTF-8"?>
<!-- Generated by org.testng.reporters.JUnitReportReporter -->
<testsuite hostname="Micky" failures="0" tests="6" name="Test.TC_Unenroll_ReEnroll" time="73.095" errors="0" timestamp="2024-05-21T17:22:53 IST" skipped="0">
  <testcase classname="Test.TC_Unenroll_ReEnroll" name="provider_login" time="1.351"/>
  <system-out/>
  <testcase classname="Test.TC_Unenroll_ReEnroll" name="dashboard" time="8.172"/>
  <system-out/>
  <testcase classname="Test.TC_Unenroll_ReEnroll" name="patientTab" time="35.308"/>
  <system-out/>
  <testcase classname="Test.TC_Unenroll_ReEnroll" name="clickOnPatientProfileTab" time="5.262"/>
  <system-out/>
  <testcase classname="Test.TC_Unenroll_ReEnroll" name="unEnrollPatient" time="16.489"/>
  <system-out/>
  <testcase classname="Test.TC_Unenroll_ReEnroll" name="reEnrollPatient" time="6.513"/>
  <system-out/>
</testsuite> <!-- Test.TC_Unenroll_ReEnroll -->
