<?xml version="1.0" encoding="UTF-8"?>
<!-- Generated by org.testng.reporters.JUnitReportReporter -->
<testsuite hostname="Micky" failures="0" tests="11" name="Test.View_patient_profile" time="102.348" errors="0" timestamp="2024-05-21T17:22:53 IST" skipped="0">
  <testcase classname="Test.View_patient_profile" name="provider_login" time="1.250"/>
  <system-out/>
  <testcase classname="Test.View_patient_profile" name="dashboard" time="13.032"/>
  <system-out/>
  <testcase classname="Test.View_patient_profile" name="View_patient_details" time="10.205"/>
  <system-out/>
  <testcase classname="Test.View_patient_profile" name="medical_profile" time="10.345"/>
  <system-out/>
  <testcase classname="Test.View_patient_profile" name="resutls" time="10.348"/>
  <system-out/>
  <testcase classname="Test.View_patient_profile" name="notes" time="10.309"/>
  <system-out/>
  <testcase classname="Test.View_patient_profile" name="devices" time="10.282"/>
  <system-out/>
  <testcase classname="Test.View_patient_profile" name="patient_profile" time="10.562"/>
  <system-out/>
  <testcase classname="Test.View_patient_profile" name="patient_care_team" time="10.346"/>
  <system-out/>
  <testcase classname="Test.View_patient_profile" name="activity_timeline" time="10.314"/>
  <system-out/>
  <testcase classname="Test.View_patient_profile" name="requests" time="5.355"/>
  <system-out/>
</testsuite> <!-- Test.View_patient_profile -->
