<?xml version="1.0" encoding="UTF-8"?>
<!-- Generated by org.testng.reporters.JUnitReportReporter -->
<testsuite hostname="Micky" failures="0" tests="4" name="Test.TC_AddNurse" time="14.417" errors="0" timestamp="2024-10-14T10:24:22 IST" skipped="0">
  <testcase classname="Test.TC_AddNurse" name="provider_login" time="0.265"/>
  <system-out/>
  <testcase classname="Test.TC_AddNurse" name="dashboard" time="7.053"/>
  <system-out/>
  <testcase classname="Test.TC_AddNurse" name="AddNurseTab" time="0.078"/>
  <system-out/>
  <testcase classname="Test.TC_AddNurse" name="AddNurseFlow" time="7.021"/>
  <system-out/>
</testsuite> <!-- Test.TC_AddNurse -->
